{
  "RSpec": {
    "coverage": {
      "/Users/Jeremy/Development/dev bootcamp/ruby/Repo_Creepo/owner.rb": [
        1,
        null,
        1,
        1,
        null,
        1,
        8,
        null,
        null,
        1,
        1,
        1,
        14,
        14,
        14,
        14,
        14,
        14,
        null,
        null,
        1,
        8,
        8,
        null,
        8,
        1,
        null,
        7,
        7,
        7,
        7,
        7,
        null,
        7,
        null,
        null,
        null,
        null,
        null,
        null,
        null,
        null,
        null,
        null
      ]
    },
    "timestamp": 1341991324
  }
}
